# JRE version: Java(TM) SE Runtime Environment (8.0_311-b11) (build 1.8.0_311-b11)
# Java VM: Java HotSpot(TM) 64-Bit Server VM (25.311-b11 mixed mode windows-amd64 compressed oops)
Heap:
 PSYoungGen      total 397312K, used 178412K [0x00000000d6f80000, 0x00000000fad00000, 0x0000000100000000)
  eden space 381952K, 42% used [0x00000000d6f80000,0x00000000e0ebc218,0x00000000ee480000)
  from space 15360K, 99% used [0x00000000ee480000,0x00000000ef37ee40,0x00000000ef380000)
  to   space 18432K, 0% used [0x00000000f9b00000,0x00000000f9b00000,0x00000000fad00000)
 ParOldGen       total 66560K, used 20050K [0x0000000084e00000, 0x0000000088f00000, 0x00000000d6f80000)
  object space 66560K, 30% used [0x0000000084e00000,0x0000000086194960,0x0000000088f00000)
 Metaspace       used 47187K, capacity 50020K, committed 50128K, reserved 1093632K
  class space    used 6330K, capacity 6867K, committed 6912K, reserved 1048576K
GC Heap History (10 events):
Event: 1.915 GC heap before
{Heap before GC invocations=9 (full 1):
 PSYoungGen      total 263680K, used 3445K [0x00000000d6f80000, 0x00000000e7c80000, 0x0000000100000000)
  eden space 253440K, 0% used [0x00000000d6f80000,0x00000000d6f80000,0x00000000e6700000)
  from space 10240K, 33% used [0x00000000e7180000,0x00000000e74dd770,0x00000000e7b80000)
  to   space 10752K, 0% used [0x00000000e6700000,0x00000000e6700000,0x00000000e7180000)
 ParOldGen       total 84992K, used 14880K [0x0000000084e00000, 0x000000008a100000, 0x00000000d6f80000)
  object space 84992K, 17% used [0x0000000084e00000,0x0000000085c88398,0x000000008a100000)
 Metaspace       used 20422K, capacity 21432K, committed 21628K, reserved 1069056K
  class space    used 2713K, capacity 2934K, committed 2944K, reserved 1048576K
Event: 1.938 GC heap after
Heap after GC invocations=9 (full 1):
 PSYoungGen      total 263680K, used 0K [0x00000000d6f80000, 0x00000000e7c80000, 0x0000000100000000)
  eden space 253440K, 0% used [0x00000000d6f80000,0x00000000d6f80000,0x00000000e6700000)
  from space 10240K, 0% used [0x00000000e7180000,0x00000000e7180000,0x00000000e7b80000)
  to   space 10752K, 0% used [0x00000000e6700000,0x00000000e6700000,0x00000000e7180000)
 ParOldGen       total 47616K, used 7415K [0x0000000084e00000, 0x0000000087c80000, 0x00000000d6f80000)
  object space 47616K, 15% used [0x0000000084e00000,0x000000008553dfa8,0x0000000087c80000)
 Metaspace       used 20422K, capacity 21432K, committed 21628K, reserved 1069056K
  class space    used 2713K, capacity 2934K, committed 2944K, reserved 1048576K
}
Event: 3.433 GC heap before
{Heap before GC invocations=10 (full 1):
 PSYoungGen      total 263680K, used 253440K [0x00000000d6f80000, 0x00000000e7c80000, 0x0000000100000000)
  eden space 253440K, 100% used [0x00000000d6f80000,0x00000000e6700000,0x00000000e6700000)
  from space 10240K, 0% used [0x00000000e7180000,0x00000000e7180000,0x00000000e7b80000)
  to   space 10752K, 0% used [0x00000000e6700000,0x00000000e6700000,0x00000000e7180000)
 ParOldGen       total 47616K, used 7415K [0x0000000084e00000, 0x0000000087c80000, 0x00000000d6f80000)
  object space 47616K, 15% used [0x0000000084e00000,0x000000008553dfa8,0x0000000087c80000)
 Metaspace       used 30759K, capacity 32202K, committed 32380K, reserved 1077248K
  class space    used 4074K, capacity 4388K, committed 4480K, reserved 1048576K
Event: 3.442 GC heap after
Heap after GC invocations=10 (full 1):
 PSYoungGen      total 264192K, used 10737K [0x00000000d6f80000, 0x00000000f0480000, 0x0000000100000000)
  eden space 253440K, 0% used [0x00000000d6f80000,0x00000000d6f80000,0x00000000e6700000)
  from space 10752K, 99% used [0x00000000e6700000,0x00000000e717c408,0x00000000e7180000)
  to   space 14848K, 0% used [0x00000000ef600000,0x00000000ef600000,0x00000000f0480000)
 ParOldGen       total 47616K, used 14594K [0x0000000084e00000, 0x0000000087c80000, 0x00000000d6f80000)
  object space 47616K, 30% used [0x0000000084e00000,0x0000000085c40950,0x0000000087c80000)
 Metaspace       used 30759K, capacity 32202K, committed 32380K, reserved 1077248K
  class space    used 4074K, capacity 4388K, committed 4480K, reserved 1048576K
}
Event: 3.840 GC heap before
{Heap before GC invocations=11 (full 1):
 PSYoungGen      total 264192K, used 57695K [0x00000000d6f80000, 0x00000000f0480000, 0x0000000100000000)
  eden space 253440K, 18% used [0x00000000d6f80000,0x00000000d9d5b848,0x00000000e6700000)
  from space 10752K, 99% used [0x00000000e6700000,0x00000000e717c408,0x00000000e7180000)
  to   space 14848K, 0% used [0x00000000ef600000,0x00000000ef600000,0x00000000f0480000)
 ParOldGen       total 47616K, used 14594K [0x0000000084e00000, 0x0000000087c80000, 0x00000000d6f80000)
  object space 47616K, 30% used [0x0000000084e00000,0x0000000085c40950,0x0000000087c80000)
 Metaspace       used 34391K, capacity 36016K, committed 36048K, reserved 1081344K
  class space    used 4540K, capacity 4863K, committed 4864K, reserved 1048576K
Event: 3.851 GC heap after
Heap after GC invocations=11 (full 1):
 PSYoungGen      total 394752K, used 10465K [0x00000000d6f80000, 0x00000000f0280000, 0x0000000100000000)
  eden space 381952K, 0% used [0x00000000d6f80000,0x00000000d6f80000,0x00000000ee480000)
  from space 12800K, 81% used [0x00000000ef600000,0x00000000f0038600,0x00000000f0280000)
  to   space 15360K, 0% used [0x00000000ee480000,0x00000000ee480000,0x00000000ef380000)
 ParOldGen       total 47616K, used 14602K [0x0000000084e00000, 0x0000000087c80000, 0x00000000d6f80000)
  object space 47616K, 30% used [0x0000000084e00000,0x0000000085c42950,0x0000000087c80000)
 Metaspace       used 34391K, capacity 36016K, committed 36048K, reserved 1081344K
  class space    used 4540K, capacity 4863K, committed 4864K, reserved 1048576K
}
Event: 3.851 GC heap before
{Heap before GC invocations=12 (full 2):
 PSYoungGen      total 394752K, used 10465K [0x00000000d6f80000, 0x00000000f0280000, 0x0000000100000000)
  eden space 381952K, 0% used [0x00000000d6f80000,0x00000000d6f80000,0x00000000ee480000)
  from space 12800K, 81% used [0x00000000ef600000,0x00000000f0038600,0x00000000f0280000)
  to   space 15360K, 0% used [0x00000000ee480000,0x00000000ee480000,0x00000000ef380000)
 ParOldGen       total 47616K, used 14602K [0x0000000084e00000, 0x0000000087c80000, 0x00000000d6f80000)
  object space 47616K, 30% used [0x0000000084e00000,0x0000000085c42950,0x0000000087c80000)
 Metaspace       used 34391K, capacity 36016K, committed 36048K, reserved 1081344K
  class space    used 4540K, capacity 4863K, committed 4864K, reserved 1048576K
Event: 3.899 GC heap after
Heap after GC invocations=12 (full 2):
 PSYoungGen      total 394752K, used 0K [0x00000000d6f80000, 0x00000000f0280000, 0x0000000100000000)
  eden space 381952K, 0% used [0x00000000d6f80000,0x00000000d6f80000,0x00000000ee480000)
  from space 12800K, 0% used [0x00000000ef600000,0x00000000ef600000,0x00000000f0280000)
  to   space 15360K, 0% used [0x00000000ee480000,0x00000000ee480000,0x00000000ef380000)
 ParOldGen       total 66560K, used 15978K [0x0000000084e00000, 0x0000000088f00000, 0x00000000d6f80000)
  object space 66560K, 24% used [0x0000000084e00000,0x0000000085d9aa28,0x0000000088f00000)
 Metaspace       used 34391K, capacity 36016K, committed 36048K, reserved 1081344K
  class space    used 4540K, capacity 4863K, committed 4864K, reserved 1048576K
}
Event: 6.323 GC heap before
{Heap before GC invocations=13 (full 2):
 PSYoungGen      total 394752K, used 381952K [0x00000000d6f80000, 0x00000000f0280000, 0x0000000100000000)
  eden space 381952K, 100% used [0x00000000d6f80000,0x00000000ee480000,0x00000000ee480000)
  from space 12800K, 0% used [0x00000000ef600000,0x00000000ef600000,0x00000000f0280000)
  to   space 15360K, 0% used [0x00000000ee480000,0x00000000ee480000,0x00000000ef380000)
 ParOldGen       total 66560K, used 15978K [0x0000000084e00000, 0x0000000088f00000, 0x00000000d6f80000)
  object space 66560K, 24% used [0x0000000084e00000,0x0000000085d9aa28,0x0000000088f00000)
 Metaspace       used 44768K, capacity 47328K, committed 47440K, reserved 1089536K
  class space    used 5983K, capacity 6469K, committed 6528K, reserved 1048576K
Event: 6.338 GC heap after
Heap after GC invocations=13 (full 2):
 PSYoungGen      total 397312K, used 15355K [0x00000000d6f80000, 0x00000000fad00000, 0x0000000100000000)
  eden space 381952K, 0% used [0x00000000d6f80000,0x00000000d6f80000,0x00000000ee480000)
  from space 15360K, 99% used [0x00000000ee480000,0x00000000ef37ee40,0x00000000ef380000)
  to   space 18432K, 0% used [0x00000000f9b00000,0x00000000f9b00000,0x00000000fad00000)
 ParOldGen       total 66560K, used 20050K [0x0000000084e00000, 0x0000000088f00000, 0x00000000d6f80000)
  object space 66560K, 30% used [0x0000000084e00000,0x0000000086194960,0x0000000088f00000)
 Metaspace       used 44768K, capacity 47328K, committed 47440K, reserved 1089536K
  class space    used 5983K, capacity 6469K, committed 6528K, reserved 1048576K
}

