# JRE version: Java(TM) SE Runtime Environment (8.0_311-b11) (build 1.8.0_311-b11)
# Java VM: Java HotSpot(TM) 64-Bit Server VM (25.311-b11 mixed mode windows-amd64 compressed oops)
Heap:
 PSYoungGen      total 311808K, used 50426K [0x00000000d6f80000, 0x00000000ef800000, 0x0000000100000000)
  eden space 295936K, 13% used [0x00000000d6f80000,0x00000000d9552168,0x00000000e9080000)
  from space 15872K, 73% used [0x00000000e9080000,0x00000000e9bec718,0x00000000ea000000)
  to   space 16384K, 0% used [0x00000000ee800000,0x00000000ee800000,0x00000000ef800000)
 ParOldGen       total 88064K, used 28649K [0x0000000084e00000, 0x000000008a400000, 0x00000000d6f80000)
  object space 88064K, 32% used [0x0000000084e00000,0x00000000869fa5b8,0x000000008a400000)
 Metaspace       used 50979K, capacity 53882K, committed 54184K, reserved 1095680K
  class space    used 6695K, capacity 7224K, committed 7336K, reserved 1048576K
GC Heap History (10 events):
Event: 2.771 GC heap before
{Heap before GC invocations=9 (full 1):
 PSYoungGen      total 137728K, used 126976K [0x00000000d6f80000, 0x00000000e7c80000, 0x0000000100000000)
  eden space 126976K, 100% used [0x00000000d6f80000,0x00000000deb80000,0x00000000deb80000)
  from space 10752K, 0% used [0x00000000deb80000,0x00000000deb80000,0x00000000df600000)
  to   space 10752K, 0% used [0x00000000e7200000,0x00000000e7200000,0x00000000e7c80000)
 ParOldGen       total 53760K, used 7808K [0x0000000084e00000, 0x0000000088280000, 0x00000000d6f80000)
  object space 53760K, 14% used [0x0000000084e00000,0x00000000855a02d0,0x0000000088280000)
 Metaspace       used 26455K, capacity 27722K, committed 27776K, reserved 1073152K
  class space    used 3408K, capacity 3706K, committed 3712K, reserved 1048576K
Event: 2.779 GC heap after
Heap after GC invocations=9 (full 1):
 PSYoungGen      total 224768K, used 10340K [0x00000000d6f80000, 0x00000000e7c80000, 0x0000000100000000)
  eden space 214016K, 0% used [0x00000000d6f80000,0x00000000d6f80000,0x00000000e4080000)
  from space 10752K, 96% used [0x00000000e7200000,0x00000000e7c19230,0x00000000e7c80000)
  to   space 11776K, 0% used [0x00000000e6580000,0x00000000e6580000,0x00000000e7100000)
 ParOldGen       total 53760K, used 7816K [0x0000000084e00000, 0x0000000088280000, 0x00000000d6f80000)
  object space 53760K, 14% used [0x0000000084e00000,0x00000000855a22d0,0x0000000088280000)
 Metaspace       used 26455K, capacity 27722K, committed 27776K, reserved 1073152K
  class space    used 3408K, capacity 3706K, committed 3712K, reserved 1048576K
}
Event: 3.972 GC heap before
{Heap before GC invocations=10 (full 1):
 PSYoungGen      total 224768K, used 185498K [0x00000000d6f80000, 0x00000000e7c80000, 0x0000000100000000)
  eden space 214016K, 81% used [0x00000000d6f80000,0x00000000e1a8d6a8,0x00000000e4080000)
  from space 10752K, 96% used [0x00000000e7200000,0x00000000e7c19230,0x00000000e7c80000)
  to   space 11776K, 0% used [0x00000000e6580000,0x00000000e6580000,0x00000000e7100000)
 ParOldGen       total 53760K, used 7816K [0x0000000084e00000, 0x0000000088280000, 0x00000000d6f80000)
  object space 53760K, 14% used [0x0000000084e00000,0x00000000855a22d0,0x0000000088280000)
 Metaspace       used 33834K, capacity 35462K, committed 35496K, reserved 1079296K
  class space    used 4414K, capacity 4764K, committed 4776K, reserved 1048576K
Event: 3.982 GC heap after
Heap after GC invocations=10 (full 1):
 PSYoungGen      total 263680K, used 11747K [0x00000000d6f80000, 0x00000000eae00000, 0x0000000100000000)
  eden space 251904K, 0% used [0x00000000d6f80000,0x00000000d6f80000,0x00000000e6580000)
  from space 11776K, 99% used [0x00000000e6580000,0x00000000e70f8d78,0x00000000e7100000)
  to   space 14336K, 0% used [0x00000000ea000000,0x00000000ea000000,0x00000000eae00000)
 ParOldGen       total 53760K, used 11074K [0x0000000084e00000, 0x0000000088280000, 0x00000000d6f80000)
  object space 53760K, 20% used [0x0000000084e00000,0x00000000858d0988,0x0000000088280000)
 Metaspace       used 33834K, capacity 35462K, committed 35496K, reserved 1079296K
  class space    used 4414K, capacity 4764K, committed 4776K, reserved 1048576K
}
Event: 3.982 GC heap before
{Heap before GC invocations=11 (full 2):
 PSYoungGen      total 263680K, used 11747K [0x00000000d6f80000, 0x00000000eae00000, 0x0000000100000000)
  eden space 251904K, 0% used [0x00000000d6f80000,0x00000000d6f80000,0x00000000e6580000)
  from space 11776K, 99% used [0x00000000e6580000,0x00000000e70f8d78,0x00000000e7100000)
  to   space 14336K, 0% used [0x00000000ea000000,0x00000000ea000000,0x00000000eae00000)
 ParOldGen       total 53760K, used 11074K [0x0000000084e00000, 0x0000000088280000, 0x00000000d6f80000)
  object space 53760K, 20% used [0x0000000084e00000,0x00000000858d0988,0x0000000088280000)
 Metaspace       used 33834K, capacity 35462K, committed 35496K, reserved 1079296K
  class space    used 4414K, capacity 4764K, committed 4776K, reserved 1048576K
Event: 4.036 GC heap after
Heap after GC invocations=11 (full 2):
 PSYoungGen      total 263680K, used 0K [0x00000000d6f80000, 0x00000000eae00000, 0x0000000100000000)
  eden space 251904K, 0% used [0x00000000d6f80000,0x00000000d6f80000,0x00000000e6580000)
  from space 11776K, 0% used [0x00000000e6580000,0x00000000e6580000,0x00000000e7100000)
  to   space 14336K, 0% used [0x00000000ea000000,0x00000000ea000000,0x00000000eae00000)
 ParOldGen       total 88064K, used 19937K [0x0000000084e00000, 0x000000008a400000, 0x00000000d6f80000)
  object space 88064K, 22% used [0x0000000084e00000,0x0000000086178678,0x000000008a400000)
 Metaspace       used 33834K, capacity 35462K, committed 35496K, reserved 1079296K
  class space    used 4414K, capacity 4764K, committed 4776K, reserved 1048576K
}
Event: 5.508 GC heap before
{Heap before GC invocations=12 (full 2):
 PSYoungGen      total 263680K, used 251904K [0x00000000d6f80000, 0x00000000eae00000, 0x0000000100000000)
  eden space 251904K, 100% used [0x00000000d6f80000,0x00000000e6580000,0x00000000e6580000)
  from space 11776K, 0% used [0x00000000e6580000,0x00000000e6580000,0x00000000e7100000)
  to   space 14336K, 0% used [0x00000000ea000000,0x00000000ea000000,0x00000000eae00000)
 ParOldGen       total 88064K, used 19937K [0x0000000084e00000, 0x000000008a400000, 0x00000000d6f80000)
  object space 88064K, 22% used [0x0000000084e00000,0x0000000086178678,0x000000008a400000)
 Metaspace       used 41590K, capacity 43874K, committed 44072K, reserved 1087488K
  class space    used 5469K, capacity 5878K, committed 5928K, reserved 1048576K
Event: 5.519 GC heap after
Heap after GC invocations=12 (full 2):
 PSYoungGen      total 310272K, used 14308K [0x00000000d6f80000, 0x00000000ec580000, 0x0000000100000000)
  eden space 295936K, 0% used [0x00000000d6f80000,0x00000000d6f80000,0x00000000e9080000)
  from space 14336K, 99% used [0x00000000ea000000,0x00000000eadf9198,0x00000000eae00000)
  to   space 15872K, 0% used [0x00000000e9080000,0x00000000e9080000,0x00000000ea000000)
 ParOldGen       total 88064K, used 20502K [0x0000000084e00000, 0x000000008a400000, 0x00000000d6f80000)
  object space 88064K, 23% used [0x0000000084e00000,0x0000000086205988,0x000000008a400000)
 Metaspace       used 41590K, capacity 43874K, committed 44072K, reserved 1087488K
  class space    used 5469K, capacity 5878K, committed 5928K, reserved 1048576K
}
Event: 7.280 GC heap before
{Heap before GC invocations=13 (full 2):
 PSYoungGen      total 310272K, used 310244K [0x00000000d6f80000, 0x00000000ec580000, 0x0000000100000000)
  eden space 295936K, 100% used [0x00000000d6f80000,0x00000000e9080000,0x00000000e9080000)
  from space 14336K, 99% used [0x00000000ea000000,0x00000000eadf9198,0x00000000eae00000)
  to   space 15872K, 0% used [0x00000000e9080000,0x00000000e9080000,0x00000000ea000000)
 ParOldGen       total 88064K, used 20502K [0x0000000084e00000, 0x000000008a400000, 0x00000000d6f80000)
  object space 88064K, 23% used [0x0000000084e00000,0x0000000086205988,0x000000008a400000)
 Metaspace       used 47839K, capacity 50678K, committed 50984K, reserved 1093632K
  class space    used 6356K, capacity 6862K, committed 6952K, reserved 1048576K
Event: 7.295 GC heap after
Heap after GC invocations=13 (full 2):
 PSYoungGen      total 311808K, used 11697K [0x00000000d6f80000, 0x00000000ef800000, 0x0000000100000000)
  eden space 295936K, 0% used [0x00000000d6f80000,0x00000000d6f80000,0x00000000e9080000)
  from space 15872K, 73% used [0x00000000e9080000,0x00000000e9bec718,0x00000000ea000000)
  to   space 16384K, 0% used [0x00000000ee800000,0x00000000ee800000,0x00000000ef800000)
 ParOldGen       total 88064K, used 28649K [0x0000000084e00000, 0x000000008a400000, 0x00000000d6f80000)
  object space 88064K, 32% used [0x0000000084e00000,0x00000000869fa5b8,0x000000008a400000)
 Metaspace       used 47839K, capacity 50678K, committed 50984K, reserved 1093632K
  class space    used 6356K, capacity 6862K, committed 6952K, reserved 1048576K
}

